2024-04-04 08:59:08 [INFO ] com.example.demo.MushionApplication - Starting MushionApplication using Java 17.0.9 with PID 7612 (C:\work\sts-4.21.0.RELEASE-workspace\Mushion\target\classes started by admin in C:\work\sts-4.21.0.RELEASE-workspace\Mushion)
2024-04-04 08:59:08 [DEBUG] com.example.demo.MushionApplication - Running with Spring Boot v3.1.9-SNAPSHOT, Spring v6.0.17
2024-04-04 08:59:08 [INFO ] com.example.demo.MushionApplication - The following 1 profile is active: "private"
2024-04-04 08:59:08 [DEBUG] o.s.boot.SpringApplication - Loading source class com.example.demo.MushionApplication
2024-04-04 08:59:08 [DEBUG] o.s.b.d.restart.ChangeableUrls - Matching URLs for reloading : [file:/C:/work/sts-4.21.0.RELEASE-workspace/Mushion/target/classes/]
2024-04-04 08:59:08 [DEBUG] o.s.b.d.settings.DevToolsSettings - Included patterns for restart : []
2024-04-04 08:59:08 [DEBUG] o.s.b.d.settings.DevToolsSettings - Excluded patterns for restart : [/spring-boot-starter-[\w-]+/, /spring-boot/(bin|build|out)/, /spring-boot-starter/(bin|build|out)/, /spring-boot-devtools/(bin|build|out)/, /spring-boot-actuator/(bin|build|out)/, /spring-boot-autoconfigure/(bin|build|out)/]
2024-04-04 08:59:08 [INFO ] o.s.b.d.e.DevToolsPropertyDefaultsPostProcessor - Devtools property defaults active! Set 'spring.devtools.add-properties' to 'false' to disable
2024-04-04 08:59:08 [INFO ] o.s.b.d.e.DevToolsPropertyDefaultsPostProcessor - For additional web related logging consider setting the 'logging.level.web' property to 'DEBUG'
2024-04-04 08:59:08 [DEBUG] o.s.b.w.s.c.AnnotationConfigServletWebServerApplicationContext - Refreshing org.springframework.boot.web.servlet.context.AnnotationConfigServletWebServerApplicationContext@403f3c29
2024-04-04 08:59:08 [DEBUG] o.s.b.f.s.DefaultListableBeanFactory - Creating shared instance of singleton bean 'org.springframework.context.annotation.internalConfigurationAnnotationProcessor'
2024-04-04 08:59:08 [DEBUG] o.s.b.f.s.DefaultListableBeanFactory - Creating shared instance of singleton bean 'org.springframework.boot.autoconfigure.internalCachingMetadataReaderFactory'
2024-04-04 08:59:08 [DEBUG] o.s.c.a.ClassPathBeanDefinitionScanner - Identified candidate component class: file [C:\work\sts-4.21.0.RELEASE-workspace\Mushion\target\classes\com\example\demo\controller\MushionController.class]
2024-04-04 08:59:08 [DEBUG] o.s.c.a.ClassPathBeanDefinitionScanner - Identified candidate component class: file [C:\work\sts-4.21.0.RELEASE-workspace\Mushion\target\classes\com\example\demo\controller\UsrAPITestController.class]
2024-04-04 08:59:09 [DEBUG] o.s.c.a.ClassPathBeanDefinitionScanner - Identified candidate component class: file [C:\work\sts-4.21.0.RELEASE-workspace\Mushion\target\classes\com\example\demo\controller\UsrArticleController.class]
2024-04-04 08:59:09 [DEBUG] o.s.c.a.ClassPathBeanDefinitionScanner - Identified candidate component class: file [C:\work\sts-4.21.0.RELEASE-workspace\Mushion\target\classes\com\example\demo\controller\UsrHomeController.class]
2024-04-04 08:59:09 [DEBUG] o.s.c.a.ClassPathBeanDefinitionScanner - Identified candidate component class: file [C:\work\sts-4.21.0.RELEASE-workspace\Mushion\target\classes\com\example\demo\controller\UsrMemberController.class]
2024-04-04 08:59:09 [DEBUG] o.s.c.a.ClassPathBeanDefinitionScanner - Identified candidate component class: file [C:\work\sts-4.21.0.RELEASE-workspace\Mushion\target\classes\com\example\demo\controller\UsrReactionPointController.class]
2024-04-04 08:59:09 [DEBUG] o.s.c.a.ClassPathBeanDefinitionScanner - Identified candidate component class: file [C:\work\sts-4.21.0.RELEASE-workspace\Mushion\target\classes\com\example\demo\controller\UsrReplyController.class]
2024-04-04 08:59:09 [DEBUG] o.s.c.a.ClassPathBeanDefinitionScanner - Identified candidate component class: file [C:\work\sts-4.21.0.RELEASE-workspace\Mushion\target\classes\com\example\demo\interceptor\BeforeActionInterceptor.class]
2024-04-04 08:59:09 [DEBUG] o.s.c.a.ClassPathBeanDefinitionScanner - Identified candidate component class: file [C:\work\sts-4.21.0.RELEASE-workspace\Mushion\target\classes\com\example\demo\interceptor\NeedLoginInterceptor.class]
2024-04-04 08:59:09 [DEBUG] o.s.c.a.ClassPathBeanDefinitionScanner - Identified candidate component class: file [C:\work\sts-4.21.0.RELEASE-workspace\Mushion\target\classes\com\example\demo\interceptor\NeedLogoutInterceptor.class]
2024-04-04 08:59:09 [DEBUG] o.s.c.a.ClassPathBeanDefinitionScanner - Identified candidate component class: file [C:\work\sts-4.21.0.RELEASE-workspace\Mushion\target\classes\com\example\demo\MyWebMVCConfigurer.class]
2024-04-04 08:59:09 [DEBUG] o.s.c.a.ClassPathBeanDefinitionScanner - Identified candidate component class: file [C:\work\sts-4.21.0.RELEASE-workspace\Mushion\target\classes\com\example\demo\service\ArticleService.class]
2024-04-04 08:59:09 [DEBUG] o.s.c.a.ClassPathBeanDefinitionScanner - Identified candidate component class: file [C:\work\sts-4.21.0.RELEASE-workspace\Mushion\target\classes\com\example\demo\service\BoardService.class]
2024-04-04 08:59:09 [DEBUG] o.s.c.a.ClassPathBeanDefinitionScanner - Identified candidate component class: file [C:\work\sts-4.21.0.RELEASE-workspace\Mushion\target\classes\com\example\demo\service\MemberService.class]
2024-04-04 08:59:09 [DEBUG] o.s.c.a.ClassPathBeanDefinitionScanner - Identified candidate component class: file [C:\work\sts-4.21.0.RELEASE-workspace\Mushion\target\classes\com\example\demo\service\ReactionPointService.class]
2024-04-04 08:59:09 [DEBUG] o.s.c.a.ClassPathBeanDefinitionScanner - Identified candidate component class: file [C:\work\sts-4.21.0.RELEASE-workspace\Mushion\target\classes\com\example\demo\service\ReplyService.class]
2024-04-04 08:59:09 [DEBUG] o.s.c.a.ClassPathBeanDefinitionScanner - Identified candidate component class: file [C:\work\sts-4.21.0.RELEASE-workspace\Mushion\target\classes\com\example\demo\vo\Rq.class]
